  main.cpp
C:\IT\hell\main.cpp(50,48): warning C4244: аргумент: преобразование "float" в "T", возможна потеря данных
C:\IT\hell\main.cpp(50,48): warning C4244:         with
C:\IT\hell\main.cpp(50,48): warning C4244:         [
C:\IT\hell\main.cpp(50,48): warning C4244:             T=int
C:\IT\hell\main.cpp(50,48): warning C4244:         ]
C:\IT\hell\main.cpp(50,45): warning C4244: аргумент: преобразование "float" в "T", возможна потеря данных
C:\IT\hell\main.cpp(50,45): warning C4244:         with
C:\IT\hell\main.cpp(50,45): warning C4244:         [
C:\IT\hell\main.cpp(50,45): warning C4244:             T=int
C:\IT\hell\main.cpp(50,45): warning C4244:         ]
C:\IT\hell\main.cpp(68,84): warning C4244: аргумент: преобразование "T" в "float", возможна потеря данных
C:\IT\hell\main.cpp(68,84): warning C4244:         with
C:\IT\hell\main.cpp(68,84): warning C4244:         [
C:\IT\hell\main.cpp(68,84): warning C4244:             T=int
C:\IT\hell\main.cpp(68,84): warning C4244:         ]
C:\IT\hell\main.cpp(68,56): warning C4244: аргумент: преобразование "T" в "float", возможна потеря данных
C:\IT\hell\main.cpp(68,56): warning C4244:         with
C:\IT\hell\main.cpp(68,56): warning C4244:         [
C:\IT\hell\main.cpp(68,56): warning C4244:             T=int
C:\IT\hell\main.cpp(68,56): warning C4244:         ]
C:\IT\hell\main.cpp(74,19): warning C4244: аргумент: преобразование "time_t" в "unsigned int", возможна потеря данных
C:\IT\hell\main.cpp(110,34): warning C4244: аргумент: преобразование "int" в "float", возможна потеря данных
C:\IT\hell\main.cpp(110,31): warning C4244: аргумент: преобразование "int" в "float", возможна потеря данных
  hell.vcxproj -> C:\IT\hell\x64\Debug\hell.exe
